# JRE version: OpenJDK Runtime Environment (11.0.11+9) (build 11.0.11+9-Ubuntu-0ubuntu2.18.04)
# Java VM: OpenJDK 64-Bit Server VM (11.0.11+9-Ubuntu-0ubuntu2.18.04, mixed mode, sharing, tiered, compressed oops, concurrent mark sweep gc, linux-amd64)
Heap:
 par new generation   total 78656K, used 78655K [0x00000000f0000000, 0x00000000f5550000, 0x00000000f5550000)
  eden space 69952K,  99% used [0x00000000f0000000, 0x00000000f444fff8, 0x00000000f4450000)
  from space 8704K,  99% used [0x00000000f4450000, 0x00000000f4ccfff8, 0x00000000f4cd0000)
  to   space 8704K,   0% used [0x00000000f4cd0000, 0x00000000f4cd0000, 0x00000000f5550000)
 concurrent mark-sweep generation total 174784K, used 174783K [0x00000000f5550000, 0x0000000100000000, 0x0000000100000000)
 Metaspace       used 54908K, capacity 57579K, committed 58328K, reserved 1101824K
  class space    used 5479K, capacity 6459K, committed 6656K, reserved 1048576K
GC Heap History (20 events):
Event: 301.766 GC heap before
{Heap before GC invocations=1031 (full 1199):
 par new generation   total 78656K, used 78655K [0x00000000f0000000, 0x00000000f5550000, 0x00000000f5550000)
  eden space 69952K,  99% used [0x00000000f0000000, 0x00000000f444fff8, 0x00000000f4450000)
  from space 8704K, 100% used [0x00000000f4450000, 0x00000000f4cd0000, 0x00000000f4cd0000)
  to   space 8704K,   0% used [0x00000000f4cd0000, 0x00000000f4cd0000, 0x00000000f5550000)
 concurrent mark-sweep generation total 174784K, used 174768K [0x00000000f5550000, 0x0000000100000000, 0x0000000100000000)
 Metaspace       used 54906K, capacity 57579K, committed 58328K, reserved 1101824K
  class space    used 5479K, capacity 6459K, committed 6656K, reserved 1048576K
}
Event: 302.183 GC heap after
{Heap after GC invocations=1032 (full 1200):
 par new generation   total 78656K, used 78505K [0x00000000f0000000, 0x00000000f5550000, 0x00000000f5550000)
  eden space 69952K,  99% used [0x00000000f0000000, 0x00000000f444ffd8, 0x00000000f4450000)
  from space 8704K,  98% used [0x00000000f4450000, 0x00000000f4caa4c0, 0x00000000f4cd0000)
  to   space 8704K,   0% used [0x00000000f4cd0000, 0x00000000f4cd0000, 0x00000000f5550000)
 concurrent mark-sweep generation total 174784K, used 174763K [0x00000000f5550000, 0x0000000100000000, 0x0000000100000000)
 Metaspace       used 54906K, capacity 57579K, committed 58328K, reserved 1101824K
  class space    used 5479K, capacity 6459K, committed 6656K, reserved 1048576K
}
Event: 302.185 GC heap before
{Heap before GC invocations=1032 (full 1200):
 par new generation   total 78656K, used 78656K [0x00000000f0000000, 0x00000000f5550000, 0x00000000f5550000)
  eden space 69952K, 100% used [0x00000000f0000000, 0x00000000f4450000, 0x00000000f4450000)
  from space 8704K, 100% used [0x00000000f4450000, 0x00000000f4cd0000, 0x00000000f4cd0000)
  to   space 8704K,   0% used [0x00000000f4cd0000, 0x00000000f4cd0000, 0x00000000f5550000)
 concurrent mark-sweep generation total 174784K, used 174783K [0x00000000f5550000, 0x0000000100000000, 0x0000000100000000)
 Metaspace       used 54906K, capacity 57579K, committed 58328K, reserved 1101824K
  class space    used 5479K, capacity 6459K, committed 6656K, reserved 1048576K
}
Event: 302.468 GC heap after
{Heap after GC invocations=1033 (full 1201):
 par new generation   total 78656K, used 78519K [0x00000000f0000000, 0x00000000f5550000, 0x00000000f5550000)
  eden space 69952K,  99% used [0x00000000f0000000, 0x00000000f444ffd8, 0x00000000f4450000)
  from space 8704K,  98% used [0x00000000f4450000, 0x00000000f4cade90, 0x00000000f4cd0000)
  to   space 8704K,   0% used [0x00000000f4cd0000, 0x00000000f4cd0000, 0x00000000f5550000)
 concurrent mark-sweep generation total 174784K, used 174778K [0x00000000f5550000, 0x0000000100000000, 0x0000000100000000)
 Metaspace       used 54906K, capacity 57579K, committed 58328K, reserved 1101824K
  class space    used 5479K, capacity 6459K, committed 6656K, reserved 1048576K
}
Event: 302.493 GC heap before
{Heap before GC invocations=1033 (full 1202):
 par new generation   total 78656K, used 78655K [0x00000000f0000000, 0x00000000f5550000, 0x00000000f5550000)
  eden space 69952K,  99% used [0x00000000f0000000, 0x00000000f444fff8, 0x00000000f4450000)
  from space 8704K, 100% used [0x00000000f4450000, 0x00000000f4cd0000, 0x00000000f4cd0000)
  to   space 8704K,   0% used [0x00000000f4cd0000, 0x00000000f4cd0000, 0x00000000f5550000)
 concurrent mark-sweep generation total 174784K, used 174784K [0x00000000f5550000, 0x0000000100000000, 0x0000000100000000)
 Metaspace       used 54906K, capacity 57579K, committed 58328K, reserved 1101824K
  class space    used 5479K, capacity 6459K, committed 6656K, reserved 1048576K
}
Event: 302.883 GC heap after
{Heap after GC invocations=1034 (full 1203):
 par new generation   total 78656K, used 78557K [0x00000000f0000000, 0x00000000f5550000, 0x00000000f5550000)
  eden space 69952K,  99% used [0x00000000f0000000, 0x00000000f444ffd8, 0x00000000f4450000)
  from space 8704K,  98% used [0x00000000f4450000, 0x00000000f4cb75b8, 0x00000000f4cd0000)
  to   space 8704K,   0% used [0x00000000f4cd0000, 0x00000000f4cd0000, 0x00000000f5550000)
 concurrent mark-sweep generation total 174784K, used 174769K [0x00000000f5550000, 0x0000000100000000, 0x0000000100000000)
 Metaspace       used 54906K, capacity 57579K, committed 58328K, reserved 1101824K
  class space    used 5479K, capacity 6459K, committed 6656K, reserved 1048576K
}
Event: 302.885 GC heap before
{Heap before GC invocations=1034 (full 1203):
 par new generation   total 78656K, used 78655K [0x00000000f0000000, 0x00000000f5550000, 0x00000000f5550000)
  eden space 69952K,  99% used [0x00000000f0000000, 0x00000000f444fff8, 0x00000000f4450000)
  from space 8704K,  99% used [0x00000000f4450000, 0x00000000f4ccfff0, 0x00000000f4cd0000)
  to   space 8704K,   0% used [0x00000000f4cd0000, 0x00000000f4cd0000, 0x00000000f5550000)
 concurrent mark-sweep generation total 174784K, used 174771K [0x00000000f5550000, 0x0000000100000000, 0x0000000100000000)
 Metaspace       used 54906K, capacity 57579K, committed 58328K, reserved 1101824K
  class space    used 5479K, capacity 6459K, committed 6656K, reserved 1048576K
}
Event: 303.179 GC heap after
{Heap after GC invocations=1035 (full 1204):
 par new generation   total 78656K, used 78577K [0x00000000f0000000, 0x00000000f5550000, 0x00000000f5550000)
  eden space 69952K,  99% used [0x00000000f0000000, 0x00000000f444ffd8, 0x00000000f4450000)
  from space 8704K,  99% used [0x00000000f4450000, 0x00000000f4cbc790, 0x00000000f4cd0000)
  to   space 8704K,   0% used [0x00000000f4cd0000, 0x00000000f4cd0000, 0x00000000f5550000)
 concurrent mark-sweep generation total 174784K, used 174764K [0x00000000f5550000, 0x0000000100000000, 0x0000000100000000)
 Metaspace       used 54906K, capacity 57579K, committed 58328K, reserved 1101824K
  class space    used 5479K, capacity 6459K, committed 6656K, reserved 1048576K
}
Event: 303.204 GC heap before
{Heap before GC invocations=1035 (full 1205):
 par new generation   total 78656K, used 78655K [0x00000000f0000000, 0x00000000f5550000, 0x00000000f5550000)
  eden space 69952K,  99% used [0x00000000f0000000, 0x00000000f444fff8, 0x00000000f4450000)
  from space 8704K,  99% used [0x00000000f4450000, 0x00000000f4ccfff8, 0x00000000f4cd0000)
  to   space 8704K,   0% used [0x00000000f4cd0000, 0x00000000f4cd0000, 0x00000000f5550000)
 concurrent mark-sweep generation total 174784K, used 174773K [0x00000000f5550000, 0x0000000100000000, 0x0000000100000000)
 Metaspace       used 54906K, capacity 57579K, committed 58328K, reserved 1101824K
  class space    used 5479K, capacity 6459K, committed 6656K, reserved 1048576K
}
Event: 303.598 GC heap after
{Heap after GC invocations=1036 (full 1206):
 par new generation   total 78656K, used 78559K [0x00000000f0000000, 0x00000000f5550000, 0x00000000f5550000)
  eden space 69952K,  99% used [0x00000000f0000000, 0x00000000f444ffd8, 0x00000000f4450000)
  from space 8704K,  98% used [0x00000000f4450000, 0x00000000f4cb7e00, 0x00000000f4cd0000)
  to   space 8704K,   0% used [0x00000000f4cd0000, 0x00000000f4cd0000, 0x00000000f5550000)
 concurrent mark-sweep generation total 174784K, used 174772K [0x00000000f5550000, 0x0000000100000000, 0x0000000100000000)
 Metaspace       used 54906K, capacity 57579K, committed 58328K, reserved 1101824K
  class space    used 5479K, capacity 6459K, committed 6656K, reserved 1048576K
}
Event: 303.599 GC heap before
{Heap before GC invocations=1036 (full 1206):
 par new generation   total 78656K, used 78655K [0x00000000f0000000, 0x00000000f5550000, 0x00000000f5550000)
  eden space 69952K, 100% used [0x00000000f0000000, 0x00000000f4450000, 0x00000000f4450000)
  from space 8704K,  99% used [0x00000000f4450000, 0x00000000f4ccfff8, 0x00000000f4cd0000)
  to   space 8704K,   0% used [0x00000000f4cd0000, 0x00000000f4cd0000, 0x00000000f5550000)
 concurrent mark-sweep generation total 174784K, used 174783K [0x00000000f5550000, 0x0000000100000000, 0x0000000100000000)
 Metaspace       used 54906K, capacity 57579K, committed 58328K, reserved 1101824K
  class space    used 5479K, capacity 6459K, committed 6656K, reserved 1048576K
}
Event: 303.893 GC heap after
{Heap after GC invocations=1037 (full 1207):
 par new generation   total 78656K, used 78569K [0x00000000f0000000, 0x00000000f5550000, 0x00000000f5550000)
  eden space 69952K, 100% used [0x00000000f0000000, 0x00000000f4450000, 0x00000000f4450000)
  from space 8704K,  99% used [0x00000000f4450000, 0x00000000f4cba520, 0x00000000f4cd0000)
  to   space 8704K,   0% used [0x00000000f4cd0000, 0x00000000f4cd0000, 0x00000000f5550000)
 concurrent mark-sweep generation total 174784K, used 174774K [0x00000000f5550000, 0x0000000100000000, 0x0000000100000000)
 Metaspace       used 54906K, capacity 57579K, committed 58328K, reserved 1101824K
  class space    used 5479K, capacity 6459K, committed 6656K, reserved 1048576K
}
Event: 303.918 GC heap before
{Heap before GC invocations=1037 (full 1208):
 par new generation   total 78656K, used 78656K [0x00000000f0000000, 0x00000000f5550000, 0x00000000f5550000)
  eden space 69952K, 100% used [0x00000000f0000000, 0x00000000f4450000, 0x00000000f4450000)
  from space 8704K, 100% used [0x00000000f4450000, 0x00000000f4cd0000, 0x00000000f4cd0000)
  to   space 8704K,   0% used [0x00000000f4cd0000, 0x00000000f4cd0000, 0x00000000f5550000)
 concurrent mark-sweep generation total 174784K, used 174783K [0x00000000f5550000, 0x0000000100000000, 0x0000000100000000)
 Metaspace       used 54906K, capacity 57579K, committed 58328K, reserved 1101824K
  class space    used 5479K, capacity 6459K, committed 6656K, reserved 1048576K
}
Event: 304.310 GC heap after
{Heap after GC invocations=1038 (full 1209):
 par new generation   total 78656K, used 78577K [0x00000000f0000000, 0x00000000f5550000, 0x00000000f5550000)
  eden space 69952K,  99% used [0x00000000f0000000, 0x00000000f444ffd8, 0x00000000f4450000)
  from space 8704K,  99% used [0x00000000f4450000, 0x00000000f4cbc6c0, 0x00000000f4cd0000)
  to   space 8704K,   0% used [0x00000000f4cd0000, 0x00000000f4cd0000, 0x00000000f5550000)
 concurrent mark-sweep generation total 174784K, used 174766K [0x00000000f5550000, 0x0000000100000000, 0x0000000100000000)
 Metaspace       used 54906K, capacity 57579K, committed 58328K, reserved 1101824K
  class space    used 5479K, capacity 6459K, committed 6656K, reserved 1048576K
}
Event: 304.311 GC heap before
{Heap before GC invocations=1038 (full 1209):
 par new generation   total 78656K, used 78655K [0x00000000f0000000, 0x00000000f5550000, 0x00000000f5550000)
  eden space 69952K,  99% used [0x00000000f0000000, 0x00000000f444fff8, 0x00000000f4450000)
  from space 8704K, 100% used [0x00000000f4450000, 0x00000000f4cd0000, 0x00000000f4cd0000)
  to   space 8704K,   0% used [0x00000000f4cd0000, 0x00000000f4cd0000, 0x00000000f5550000)
 concurrent mark-sweep generation total 174784K, used 174781K [0x00000000f5550000, 0x0000000100000000, 0x0000000100000000)
 Metaspace       used 54907K, capacity 57579K, committed 58328K, reserved 1101824K
  class space    used 5479K, capacity 6459K, committed 6656K, reserved 1048576K
}
Event: 304.609 GC heap after
{Heap after GC invocations=1039 (full 1210):
 par new generation   total 78656K, used 78514K [0x00000000f0000000, 0x00000000f5550000, 0x00000000f5550000)
  eden space 69952K,  99% used [0x00000000f0000000, 0x00000000f444ffd8, 0x00000000f4450000)
  from space 8704K,  98% used [0x00000000f4450000, 0x00000000f4cacb00, 0x00000000f4cd0000)
  to   space 8704K,   0% used [0x00000000f4cd0000, 0x00000000f4cd0000, 0x00000000f5550000)
 concurrent mark-sweep generation total 174784K, used 174770K [0x00000000f5550000, 0x0000000100000000, 0x0000000100000000)
 Metaspace       used 54907K, capacity 57579K, committed 58328K, reserved 1101824K
  class space    used 5479K, capacity 6459K, committed 6656K, reserved 1048576K
}
Event: 304.635 GC heap before
{Heap before GC invocations=1039 (full 1211):
 par new generation   total 78656K, used 78655K [0x00000000f0000000, 0x00000000f5550000, 0x00000000f5550000)
  eden space 69952K,  99% used [0x00000000f0000000, 0x00000000f444fff8, 0x00000000f4450000)
  from space 8704K,  99% used [0x00000000f4450000, 0x00000000f4ccfff0, 0x00000000f4cd0000)
  to   space 8704K,   0% used [0x00000000f4cd0000, 0x00000000f4cd0000, 0x00000000f5550000)
 concurrent mark-sweep generation total 174784K, used 174783K [0x00000000f5550000, 0x0000000100000000, 0x0000000100000000)
 Metaspace       used 54908K, capacity 57579K, committed 58328K, reserved 1101824K
  class space    used 5479K, capacity 6459K, committed 6656K, reserved 1048576K
}
Event: 305.030 GC heap after
{Heap after GC invocations=1040 (full 1212):
 par new generation   total 78656K, used 78595K [0x00000000f0000000, 0x00000000f5550000, 0x00000000f5550000)
  eden space 69952K,  99% used [0x00000000f0000000, 0x00000000f444ffd8, 0x00000000f4450000)
  from space 8704K,  99% used [0x00000000f4450000, 0x00000000f4cc0e10, 0x00000000f4cd0000)
  to   space 8704K,   0% used [0x00000000f4cd0000, 0x00000000f4cd0000, 0x00000000f5550000)
 concurrent mark-sweep generation total 174784K, used 174778K [0x00000000f5550000, 0x0000000100000000, 0x0000000100000000)
 Metaspace       used 54908K, capacity 57579K, committed 58328K, reserved 1101824K
  class space    used 5479K, capacity 6459K, committed 6656K, reserved 1048576K
}
Event: 305.031 GC heap before
{Heap before GC invocations=1040 (full 1212):
 par new generation   total 78656K, used 78656K [0x00000000f0000000, 0x00000000f5550000, 0x00000000f5550000)
  eden space 69952K, 100% used [0x00000000f0000000, 0x00000000f4450000, 0x00000000f4450000)
  from space 8704K, 100% used [0x00000000f4450000, 0x00000000f4cd0000, 0x00000000f4cd0000)
  to   space 8704K,   0% used [0x00000000f4cd0000, 0x00000000f4cd0000, 0x00000000f5550000)
 concurrent mark-sweep generation total 174784K, used 174781K [0x00000000f5550000, 0x0000000100000000, 0x0000000100000000)
 Metaspace       used 54908K, capacity 57579K, committed 58328K, reserved 1101824K
  class space    used 5479K, capacity 6459K, committed 6656K, reserved 1048576K
}
Event: 305.353 GC heap after
{Heap after GC invocations=1041 (full 1213):
 par new generation   total 78656K, used 78585K [0x00000000f0000000, 0x00000000f5550000, 0x00000000f5550000)
  eden space 69952K,  99% used [0x00000000f0000000, 0x00000000f444ffd8, 0x00000000f4450000)
  from space 8704K,  99% used [0x00000000f4450000, 0x00000000f4cbe540, 0x00000000f4cd0000)
  to   space 8704K,   0% used [0x00000000f4cd0000, 0x00000000f4cd0000, 0x00000000f5550000)
 concurrent mark-sweep generation total 174784K, used 174770K [0x00000000f5550000, 0x0000000100000000, 0x0000000100000000)
 Metaspace       used 54908K, capacity 57579K, committed 58328K, reserved 1101824K
  class space    used 5479K, capacity 6459K, committed 6656K, reserved 1048576K
}

